Analysis & Elaboration report for DE1_SoC
Fri Oct 14 16:46:29 2022
Quartus Prime Version 17.0.0 Build 595 04/25/2017 SJ Lite Edition


---------------------
; Table of Contents ;
---------------------
  1. Legal Notice
  2. Analysis & Elaboration Summary
  3. Parallel Compilation
  4. Analysis & Elaboration Settings
  5. Port Connectivity Checks: "register:regi31"
  6. Port Connectivity Checks: "register:registers[0].regi|d_ff_en:dffs[0].dff|d_ff:dff"
  7. Port Connectivity Checks: "enabled_decoder_5x32:decoder"
  8. Analysis & Elaboration Messages
  9. Analysis & Elaboration Suppressed Messages



----------------
; Legal Notice ;
----------------
Copyright (C) 2017  Intel Corporation. All rights reserved.
Your use of Intel Corporation's design tools, logic functions 
and other software and tools, and its AMPP partner logic 
functions, and any output files from any of the foregoing 
(including device programming or simulation files), and any 
associated documentation or information are expressly subject 
to the terms and conditions of the Intel Program License 
Subscription Agreement, the Intel Quartus Prime License Agreement,
the Intel MegaCore Function License Agreement, or other 
applicable license agreement, including, without limitation, 
that your use is for the sole purpose of programming logic 
devices manufactured by Intel and sold by Intel or its 
authorized distributors.  Please refer to the applicable 
agreement for further details.



+-----------------------------------------------------------------------------+
; Analysis & Elaboration Summary                                              ;
+-------------------------------+---------------------------------------------+
; Analysis & Elaboration Status ; Successful - Fri Oct 14 16:46:29 2022       ;
; Quartus Prime Version         ; 17.0.0 Build 595 04/25/2017 SJ Lite Edition ;
; Revision Name                 ; DE1_SoC                                     ;
; Top-level Entity Name         ; regfile                                     ;
; Family                        ; Cyclone V                                   ;
; Logic utilization (in ALMs)   ; N/A until Partition Merge                   ;
; Total registers               ; N/A until Partition Merge                   ;
; Total pins                    ; N/A until Partition Merge                   ;
; Total virtual pins            ; N/A until Partition Merge                   ;
; Total block memory bits       ; N/A until Partition Merge                   ;
; Total PLLs                    ; N/A until Partition Merge                   ;
; Total DLLs                    ; N/A until Partition Merge                   ;
+-------------------------------+---------------------------------------------+


+------------------------------------------+
; Parallel Compilation                     ;
+----------------------------+-------------+
; Processors                 ; Number      ;
+----------------------------+-------------+
; Number detected on machine ; 8           ;
; Maximum allowed            ; 4           ;
;                            ;             ;
; Average used               ; 1.00        ;
; Maximum used               ; 1           ;
;                            ;             ;
; Usage by Processor         ; % Time Used ;
;     Processor 1            ; 100.0%      ;
+----------------------------+-------------+


+---------------------------------------------------------------------------------------------------------------------------+
; Analysis & Elaboration Settings                                                                                           ;
+---------------------------------------------------------------------------------+--------------------+--------------------+
; Option                                                                          ; Setting            ; Default Value      ;
+---------------------------------------------------------------------------------+--------------------+--------------------+
; Device                                                                          ; 5CSEMA5F31C6       ;                    ;
; Top-level entity name                                                           ; regfile            ; DE1_SoC            ;
; Family name                                                                     ; Cyclone V          ; Cyclone V          ;
; State Machine Processing                                                        ; User-Encoded       ; Auto               ;
; Use smart compilation                                                           ; Off                ; Off                ;
; Enable parallel Assembler and TimeQuest Timing Analyzer during compilation      ; On                 ; On                 ;
; Enable compact report table                                                     ; Off                ; Off                ;
; Restructure Multiplexers                                                        ; Auto               ; Auto               ;
; MLAB Add Timing Constraints For Mixed-Port Feed-Through Mode Setting Don't Care ; Off                ; Off                ;
; Create Debugging Nodes for IP Cores                                             ; Off                ; Off                ;
; Preserve fewer node names                                                       ; On                 ; On                 ;
; OpenCore Plus hardware evaluation                                               ; Enable             ; Enable             ;
; Verilog Version                                                                 ; Verilog_2001       ; Verilog_2001       ;
; VHDL Version                                                                    ; VHDL_1993          ; VHDL_1993          ;
; Safe State Machine                                                              ; Off                ; Off                ;
; Extract Verilog State Machines                                                  ; On                 ; On                 ;
; Extract VHDL State Machines                                                     ; On                 ; On                 ;
; Ignore Verilog initial constructs                                               ; Off                ; Off                ;
; Iteration limit for constant Verilog loops                                      ; 5000               ; 5000               ;
; Iteration limit for non-constant Verilog loops                                  ; 250                ; 250                ;
; Add Pass-Through Logic to Inferred RAMs                                         ; On                 ; On                 ;
; Infer RAMs from Raw Logic                                                       ; On                 ; On                 ;
; Parallel Synthesis                                                              ; On                 ; On                 ;
; DSP Block Balancing                                                             ; Auto               ; Auto               ;
; NOT Gate Push-Back                                                              ; On                 ; On                 ;
; Power-Up Don't Care                                                             ; On                 ; On                 ;
; Remove Redundant Logic Cells                                                    ; Off                ; Off                ;
; Remove Duplicate Registers                                                      ; On                 ; On                 ;
; Ignore CARRY Buffers                                                            ; Off                ; Off                ;
; Ignore CASCADE Buffers                                                          ; Off                ; Off                ;
; Ignore GLOBAL Buffers                                                           ; Off                ; Off                ;
; Ignore ROW GLOBAL Buffers                                                       ; Off                ; Off                ;
; Ignore LCELL Buffers                                                            ; Off                ; Off                ;
; Ignore SOFT Buffers                                                             ; On                 ; On                 ;
; Limit AHDL Integers to 32 Bits                                                  ; Off                ; Off                ;
; Optimization Technique                                                          ; Balanced           ; Balanced           ;
; Carry Chain Length                                                              ; 70                 ; 70                 ;
; Auto Carry Chains                                                               ; On                 ; On                 ;
; Auto Open-Drain Pins                                                            ; On                 ; On                 ;
; Perform WYSIWYG Primitive Resynthesis                                           ; Off                ; Off                ;
; Auto ROM Replacement                                                            ; On                 ; On                 ;
; Auto RAM Replacement                                                            ; On                 ; On                 ;
; Auto DSP Block Replacement                                                      ; On                 ; On                 ;
; Auto Shift Register Replacement                                                 ; Auto               ; Auto               ;
; Allow Shift Register Merging across Hierarchies                                 ; Auto               ; Auto               ;
; Auto Clock Enable Replacement                                                   ; On                 ; On                 ;
; Strict RAM Replacement                                                          ; Off                ; Off                ;
; Allow Synchronous Control Signals                                               ; On                 ; On                 ;
; Force Use of Synchronous Clear Signals                                          ; Off                ; Off                ;
; Auto Resource Sharing                                                           ; Off                ; Off                ;
; Allow Any RAM Size For Recognition                                              ; Off                ; Off                ;
; Allow Any ROM Size For Recognition                                              ; Off                ; Off                ;
; Allow Any Shift Register Size For Recognition                                   ; Off                ; Off                ;
; Use LogicLock Constraints during Resource Balancing                             ; On                 ; On                 ;
; Ignore translate_off and synthesis_off directives                               ; Off                ; Off                ;
; Timing-Driven Synthesis                                                         ; On                 ; On                 ;
; Report Parameter Settings                                                       ; On                 ; On                 ;
; Report Source Assignments                                                       ; On                 ; On                 ;
; Report Connectivity Checks                                                      ; On                 ; On                 ;
; Ignore Maximum Fan-Out Assignments                                              ; Off                ; Off                ;
; Synchronization Register Chain Length                                           ; 3                  ; 3                  ;
; PowerPlay Power Optimization During Synthesis                                   ; Normal compilation ; Normal compilation ;
; HDL message level                                                               ; Level2             ; Level2             ;
; Suppress Register Optimization Related Messages                                 ; Off                ; Off                ;
; Number of Removed Registers Reported in Synthesis Report                        ; 5000               ; 5000               ;
; Number of Swept Nodes Reported in Synthesis Report                              ; 5000               ; 5000               ;
; Number of Inverted Registers Reported in Synthesis Report                       ; 100                ; 100                ;
; Clock MUX Protection                                                            ; On                 ; On                 ;
; Auto Gated Clock Conversion                                                     ; Off                ; Off                ;
; Block Design Naming                                                             ; Auto               ; Auto               ;
; SDC constraint protection                                                       ; Off                ; Off                ;
; Synthesis Effort                                                                ; Auto               ; Auto               ;
; Shift Register Replacement - Allow Asynchronous Clear Signal                    ; On                 ; On                 ;
; Pre-Mapping Resynthesis Optimization                                            ; Off                ; Off                ;
; Analysis & Synthesis Message Level                                              ; Medium             ; Medium             ;
; Disable Register Merging Across Hierarchies                                     ; Auto               ; Auto               ;
; Resource Aware Inference For Block RAM                                          ; On                 ; On                 ;
; Automatic Parallel Synthesis                                                    ; On                 ; On                 ;
; Partial Reconfiguration Bitstream ID                                            ; Off                ; Off                ;
+---------------------------------------------------------------------------------+--------------------+--------------------+


+---------------------------------------------+
; Port Connectivity Checks: "register:regi31" ;
+---------+-------+----------+----------------+
; Port    ; Type  ; Severity ; Details        ;
+---------+-------+----------+----------------+
; wr_en   ; Input ; Info     ; Stuck at VCC   ;
; wr_data ; Input ; Info     ; Stuck at GND   ;
+---------+-------+----------+----------------+


+-------------------------------------------------------------------------------------+
; Port Connectivity Checks: "register:registers[0].regi|d_ff_en:dffs[0].dff|d_ff:dff" ;
+-------+-------+----------+----------------------------------------------------------+
; Port  ; Type  ; Severity ; Details                                                  ;
+-------+-------+----------+----------------------------------------------------------+
; reset ; Input ; Info     ; Stuck at GND                                             ;
+-------+-------+----------+----------------------------------------------------------+


+----------------------------------------------------------------------------------------------------------------------+
; Port Connectivity Checks: "enabled_decoder_5x32:decoder"                                                             ;
+------------+--------+----------+-------------------------------------------------------------------------------------+
; Port       ; Type   ; Severity ; Details                                                                             ;
+------------+--------+----------+-------------------------------------------------------------------------------------+
; decode[31] ; Output ; Info     ; Connected to dangling logic. Logic that only feeds a dangling port will be removed. ;
+------------+--------+----------+-------------------------------------------------------------------------------------+


+---------------------------------+
; Analysis & Elaboration Messages ;
+---------------------------------+
Info: *******************************************************************
Info: Running Quartus Prime Analysis & Elaboration
    Info: Version 17.0.0 Build 595 04/25/2017 SJ Lite Edition
    Info: Processing started: Fri Oct 14 16:46:07 2022
Info: Command: quartus_map --read_settings_files=on --write_settings_files=off DE1_SoC -c DE1_SoC --analysis_and_elaboration
Info (20030): Parallel compilation is enabled and will use 4 of the 4 processors detected
Info (12021): Found 1 design units, including 1 entities, in source file /ee469/fpga-arm-processor/sv_files/regstim.sv
    Info (12023): Found entity 1: regstim File: C:/EE469/fpga-arm-processor/sv_files/regstim.sv Line: 4
Info (12021): Found 1 design units, including 1 entities, in source file /ee469/fpga-arm-processor/sv_files/register.sv
    Info (12023): Found entity 1: register File: C:/EE469/fpga-arm-processor/sv_files/register.sv Line: 17
Info (12021): Found 1 design units, including 1 entities, in source file /ee469/fpga-arm-processor/sv_files/regfile.sv
    Info (12023): Found entity 1: regfile File: C:/EE469/fpga-arm-processor/sv_files/regfile.sv Line: 1
Info (12021): Found 1 design units, including 1 entities, in source file /ee469/fpga-arm-processor/sv_files/mux_32x1.sv
    Info (12023): Found entity 1: mux_32x1 File: C:/EE469/fpga-arm-processor/sv_files/mux_32x1.sv Line: 1
Info (12021): Found 1 design units, including 1 entities, in source file /ee469/fpga-arm-processor/sv_files/mux_16x1.sv
    Info (12023): Found entity 1: mux_16x1 File: C:/EE469/fpga-arm-processor/sv_files/mux_16x1.sv Line: 1
Info (12021): Found 1 design units, including 1 entities, in source file /ee469/fpga-arm-processor/sv_files/mux_8x1.sv
    Info (12023): Found entity 1: mux_8x1 File: C:/EE469/fpga-arm-processor/sv_files/mux_8x1.sv Line: 1
Info (12021): Found 1 design units, including 1 entities, in source file /ee469/fpga-arm-processor/sv_files/mux_4x1.sv
    Info (12023): Found entity 1: mux_4x1 File: C:/EE469/fpga-arm-processor/sv_files/mux_4x1.sv Line: 1
Info (12021): Found 2 design units, including 2 entities, in source file /ee469/fpga-arm-processor/sv_files/mux_2x1.sv
    Info (12023): Found entity 1: mux_2x1 File: C:/EE469/fpga-arm-processor/sv_files/mux_2x1.sv Line: 1
    Info (12023): Found entity 2: mux_2x1_testbench File: C:/EE469/fpga-arm-processor/sv_files/mux_2x1.sv Line: 16
Info (12021): Found 2 design units, including 2 entities, in source file /ee469/fpga-arm-processor/sv_files/enabled_decoder_5x32.sv
    Info (12023): Found entity 1: enabled_decoder_5x32 File: C:/EE469/fpga-arm-processor/sv_files/enabled_decoder_5x32.sv Line: 2
    Info (12023): Found entity 2: enabled_decoder_5x32_testbench File: C:/EE469/fpga-arm-processor/sv_files/enabled_decoder_5x32.sv Line: 36
Info (12021): Found 2 design units, including 2 entities, in source file /ee469/fpga-arm-processor/sv_files/decoder_3x8.sv
    Info (12023): Found entity 1: decoder_3x8 File: C:/EE469/fpga-arm-processor/sv_files/decoder_3x8.sv Line: 2
    Info (12023): Found entity 2: decoder_3x8_testbench File: C:/EE469/fpga-arm-processor/sv_files/decoder_3x8.sv Line: 25
Info (12021): Found 2 design units, including 2 entities, in source file /ee469/fpga-arm-processor/sv_files/d_ff_en.sv
    Info (12023): Found entity 1: d_ff_en File: C:/EE469/fpga-arm-processor/sv_files/d_ff_en.sv Line: 16
    Info (12023): Found entity 2: d_ff_en_testbench File: C:/EE469/fpga-arm-processor/sv_files/d_ff_en.sv Line: 27
Info (12021): Found 1 design units, including 1 entities, in source file /ee469/fpga-arm-processor/sv_files/d_ff.sv
    Info (12023): Found entity 1: d_ff File: C:/EE469/fpga-arm-processor/sv_files/d_ff.sv Line: 1
Info (12021): Found 2 design units, including 2 entities, in source file /ee469/fpga-arm-processor/sv_files/multiplexor.sv
    Info (12023): Found entity 1: multiplexor File: C:/EE469/fpga-arm-processor/sv_files/multiplexor.sv Line: 1
    Info (12023): Found entity 2: multiplexor_testbench File: C:/EE469/fpga-arm-processor/sv_files/multiplexor.sv Line: 28
Info (12127): Elaborating entity "regfile" for the top level hierarchy
Info (12128): Elaborating entity "enabled_decoder_5x32" for hierarchy "enabled_decoder_5x32:decoder" File: C:/EE469/fpga-arm-processor/sv_files/regfile.sv Line: 10
Info (12128): Elaborating entity "decoder_3x8" for hierarchy "enabled_decoder_5x32:decoder|decoder_3x8:decode0" File: C:/EE469/fpga-arm-processor/sv_files/enabled_decoder_5x32.sv Line: 19
Info (12128): Elaborating entity "register" for hierarchy "register:registers[0].regi" File: C:/EE469/fpga-arm-processor/sv_files/regfile.sv Line: 15
Info (12128): Elaborating entity "d_ff_en" for hierarchy "register:registers[0].regi|d_ff_en:dffs[0].dff" File: C:/EE469/fpga-arm-processor/sv_files/register.sv Line: 26
Info (12128): Elaborating entity "mux_2x1" for hierarchy "register:registers[0].regi|d_ff_en:dffs[0].dff|mux_2x1:mux" File: C:/EE469/fpga-arm-processor/sv_files/d_ff_en.sv Line: 21
Info (12128): Elaborating entity "d_ff" for hierarchy "register:registers[0].regi|d_ff_en:dffs[0].dff|d_ff:dff" File: C:/EE469/fpga-arm-processor/sv_files/d_ff_en.sv Line: 22
Info (12128): Elaborating entity "multiplexor" for hierarchy "multiplexor:mux_32v1" File: C:/EE469/fpga-arm-processor/sv_files/regfile.sv Line: 20
Info (12128): Elaborating entity "mux_32x1" for hierarchy "multiplexor:mux_32v1|mux_32x1:muxes[0].m" File: C:/EE469/fpga-arm-processor/sv_files/multiplexor.sv Line: 20
Info (12128): Elaborating entity "mux_16x1" for hierarchy "multiplexor:mux_32v1|mux_32x1:muxes[0].m|mux_16x1:m1" File: C:/EE469/fpga-arm-processor/sv_files/mux_32x1.sv Line: 9
Info (12128): Elaborating entity "mux_8x1" for hierarchy "multiplexor:mux_32v1|mux_32x1:muxes[0].m|mux_16x1:m1|mux_8x1:m1" File: C:/EE469/fpga-arm-processor/sv_files/mux_16x1.sv Line: 9
Info (12128): Elaborating entity "mux_4x1" for hierarchy "multiplexor:mux_32v1|mux_32x1:muxes[0].m|mux_16x1:m1|mux_8x1:m1|mux_4x1:m1" File: C:/EE469/fpga-arm-processor/sv_files/mux_8x1.sv Line: 9
Info (144001): Generated suppressed messages file C:/EE469/fpga-arm-processor/Lab1_files/output_files/DE1_SoC.map.smsg
Info: Quartus Prime Analysis & Elaboration was successful. 0 errors, 0 warnings
    Info: Peak virtual memory: 4912 megabytes
    Info: Processing ended: Fri Oct 14 16:46:29 2022
    Info: Elapsed time: 00:00:22
    Info: Total CPU time (on all processors): 00:00:38


+--------------------------------------------+
; Analysis & Elaboration Suppressed Messages ;
+--------------------------------------------+
The suppressed messages can be found in C:/EE469/fpga-arm-processor/Lab1_files/output_files/DE1_SoC.map.smsg.


